-------------------------------------------------------------------------------
Test set: com.proyecto.b.s.ApplicationTests
-------------------------------------------------------------------------------
Tests run: 1, Failures: 0, Errors: 1, Skipped: 0, Time elapsed: 7.068 s <<< FAILURE! - in com.proyecto.b.s.ApplicationTests
contextLoads  Time elapsed: 0.012 s  <<< ERROR!
java.lang.IllegalStateException: Failed to load ApplicationContext
Caused by: org.springframework.beans.factory.BeanCreationException: Error creating bean with name 'dataSourceScriptDatabaseInitializer' defined in class path resource [org/springframework/boot/autoconfigure/sql/init/DataSourceInitializationConfiguration.class]: Invocation of init method failed; nested exception is org.springframework.jdbc.datasource.init.ScriptStatementFailedException: Failed to execute SQL script statement #1 of URL [file:/C:/Users/mpdiaz/Desktop/BYS/Proyecto_B-S/target/classes/schema.sql]: create table answer_by_options ( id INT, name VARCHAR(25) ); nested exception is java.sql.SQLSyntaxErrorException: Table 'answer_by_options' already exists
Caused by: org.springframework.jdbc.datasource.init.ScriptStatementFailedException: Failed to execute SQL script statement #1 of URL [file:/C:/Users/mpdiaz/Desktop/BYS/Proyecto_B-S/target/classes/schema.sql]: create table answer_by_options ( id INT, name VARCHAR(25) ); nested exception is java.sql.SQLSyntaxErrorException: Table 'answer_by_options' already exists
Caused by: java.sql.SQLSyntaxErrorException: Table 'answer_by_options' already exists

